2026-01-25 01:52:31 +0000 - dagster - DEBUG - __ASSET_JOB - de35a509-207b-40ea-ba31-091cab2db7b6 - 14714 - LOGS_CAPTURED - Started capturing logs in process (pid: 14714).
2026-01-25 01:52:31 +0000 - dagster - DEBUG - __ASSET_JOB - de35a509-207b-40ea-ba31-091cab2db7b6 - 14714 - monthly_orders - STEP_START - Started execution of step "monthly_orders".
2026-01-25 01:52:31 +0000 - dagster - DEBUG - __ASSET_JOB - de35a509-207b-40ea-ba31-091cab2db7b6 - 14714 - monthly_orders - STEP_OUTPUT - Yielded output "result" of type "Any". (Type check passed).
2026-01-25 01:52:31 +0000 - dagster - DEBUG - __ASSET_JOB - de35a509-207b-40ea-ba31-091cab2db7b6 - 14714 - monthly_orders - ASSET_MATERIALIZATION - Materialized value monthly_orders.
2026-01-25 01:52:31 +0000 - dagster - DEBUG - __ASSET_JOB - de35a509-207b-40ea-ba31-091cab2db7b6 - 14714 - monthly_orders - ASSET_MATERIALIZATION - Materialized value monthly_orders.
2026-01-25 01:52:31 +0000 - dagster - DEBUG - __ASSET_JOB - de35a509-207b-40ea-ba31-091cab2db7b6 - 14714 - monthly_orders - ASSET_MATERIALIZATION - Materialized value monthly_orders.
2026-01-25 01:52:31 +0000 - dagster - DEBUG - __ASSET_JOB - de35a509-207b-40ea-ba31-091cab2db7b6 - 14714 - monthly_orders - ASSET_MATERIALIZATION - Materialized value monthly_orders.
2026-01-25 01:52:32 +0000 - dagster - DEBUG - __ASSET_JOB - de35a509-207b-40ea-ba31-091cab2db7b6 - 14714 - monthly_orders - ASSET_MATERIALIZATION - Materialized value monthly_orders.
2026-01-25 01:52:32 +0000 - dagster - DEBUG - __ASSET_JOB - de35a509-207b-40ea-ba31-091cab2db7b6 - 14714 - monthly_orders - ASSET_MATERIALIZATION - Materialized value monthly_orders.
2026-01-25 01:52:32 +0000 - dagster - DEBUG - __ASSET_JOB - de35a509-207b-40ea-ba31-091cab2db7b6 - 14714 - monthly_orders - ASSET_MATERIALIZATION - Materialized value monthly_orders.
2026-01-25 01:52:32 +0000 - dagster - DEBUG - __ASSET_JOB - de35a509-207b-40ea-ba31-091cab2db7b6 - 14714 - monthly_orders - ASSET_MATERIALIZATION - Materialized value monthly_orders.
2026-01-25 01:52:32 +0000 - dagster - DEBUG - __ASSET_JOB - de35a509-207b-40ea-ba31-091cab2db7b6 - 14714 - monthly_orders - ASSET_MATERIALIZATION - Materialized value monthly_orders.
2026-01-25 01:52:32 +0000 - dagster - DEBUG - __ASSET_JOB - de35a509-207b-40ea-ba31-091cab2db7b6 - 14714 - monthly_orders - ASSET_MATERIALIZATION - Materialized value monthly_orders.
2026-01-25 01:52:32 +0000 - dagster - DEBUG - __ASSET_JOB - de35a509-207b-40ea-ba31-091cab2db7b6 - 14714 - monthly_orders - ASSET_MATERIALIZATION - Materialized value monthly_orders.
2026-01-25 01:52:32 +0000 - dagster - DEBUG - __ASSET_JOB - de35a509-207b-40ea-ba31-091cab2db7b6 - 14714 - monthly_orders - ASSET_MATERIALIZATION - Materialized value monthly_orders.
2026-01-25 01:52:32 +0000 - dagster - DEBUG - __ASSET_JOB - de35a509-207b-40ea-ba31-091cab2db7b6 - 14714 - monthly_orders - ASSET_MATERIALIZATION - Materialized value monthly_orders.
2026-01-25 01:52:32 +0000 - dagster - DEBUG - __ASSET_JOB - de35a509-207b-40ea-ba31-091cab2db7b6 - 14714 - monthly_orders - ASSET_MATERIALIZATION - Materialized value monthly_orders.
2026-01-25 01:52:32 +0000 - dagster - DEBUG - __ASSET_JOB - de35a509-207b-40ea-ba31-091cab2db7b6 - 14714 - monthly_orders - ASSET_MATERIALIZATION - Materialized value monthly_orders.
2026-01-25 01:52:32 +0000 - dagster - DEBUG - __ASSET_JOB - de35a509-207b-40ea-ba31-091cab2db7b6 - 14714 - monthly_orders - ASSET_MATERIALIZATION - Materialized value monthly_orders.
2026-01-25 01:52:32 +0000 - dagster - DEBUG - __ASSET_JOB - de35a509-207b-40ea-ba31-091cab2db7b6 - 14714 - monthly_orders - ASSET_MATERIALIZATION - Materialized value monthly_orders.
2026-01-25 01:52:33 +0000 - dagster - DEBUG - __ASSET_JOB - de35a509-207b-40ea-ba31-091cab2db7b6 - 14714 - monthly_orders - ASSET_MATERIALIZATION - Materialized value monthly_orders.
2026-01-25 01:52:33 +0000 - dagster - DEBUG - __ASSET_JOB - de35a509-207b-40ea-ba31-091cab2db7b6 - 14714 - monthly_orders - ASSET_MATERIALIZATION - Materialized value monthly_orders.
2026-01-25 01:52:33 +0000 - dagster - DEBUG - __ASSET_JOB - de35a509-207b-40ea-ba31-091cab2db7b6 - 14714 - monthly_orders - ASSET_MATERIALIZATION - Materialized value monthly_orders.
2026-01-25 01:52:33 +0000 - dagster - DEBUG - __ASSET_JOB - de35a509-207b-40ea-ba31-091cab2db7b6 - 14714 - monthly_orders - ASSET_MATERIALIZATION - Materialized value monthly_orders.
2026-01-25 01:52:33 +0000 - dagster - DEBUG - __ASSET_JOB - de35a509-207b-40ea-ba31-091cab2db7b6 - 14714 - monthly_orders - ASSET_MATERIALIZATION - Materialized value monthly_orders.
2026-01-25 01:52:33 +0000 - dagster - DEBUG - __ASSET_JOB - de35a509-207b-40ea-ba31-091cab2db7b6 - 14714 - monthly_orders - ASSET_MATERIALIZATION - Materialized value monthly_orders.
2026-01-25 01:52:33 +0000 - dagster - DEBUG - __ASSET_JOB - de35a509-207b-40ea-ba31-091cab2db7b6 - 14714 - monthly_orders - ASSET_MATERIALIZATION - Materialized value monthly_orders.
2026-01-25 01:52:33 +0000 - dagster - DEBUG - __ASSET_JOB - de35a509-207b-40ea-ba31-091cab2db7b6 - 14714 - monthly_orders - ASSET_MATERIALIZATION - Materialized value monthly_orders.
2026-01-25 01:52:33 +0000 - dagster - DEBUG - __ASSET_JOB - de35a509-207b-40ea-ba31-091cab2db7b6 - 14714 - monthly_orders - ASSET_MATERIALIZATION - Materialized value monthly_orders.
2026-01-25 01:52:33 +0000 - dagster - DEBUG - __ASSET_JOB - de35a509-207b-40ea-ba31-091cab2db7b6 - 14714 - monthly_orders - ASSET_MATERIALIZATION - Materialized value monthly_orders.
2026-01-25 01:52:33 +0000 - dagster - DEBUG - __ASSET_JOB - de35a509-207b-40ea-ba31-091cab2db7b6 - 14714 - monthly_orders - ASSET_MATERIALIZATION - Materialized value monthly_orders.
2026-01-25 01:52:33 +0000 - dagster - DEBUG - __ASSET_JOB - de35a509-207b-40ea-ba31-091cab2db7b6 - 14714 - monthly_orders - ASSET_MATERIALIZATION - Materialized value monthly_orders.
2026-01-25 01:52:33 +0000 - dagster - DEBUG - __ASSET_JOB - de35a509-207b-40ea-ba31-091cab2db7b6 - 14714 - monthly_orders - ASSET_MATERIALIZATION - Materialized value monthly_orders.
2026-01-25 01:52:33 +0000 - dagster - DEBUG - __ASSET_JOB - de35a509-207b-40ea-ba31-091cab2db7b6 - 14714 - monthly_orders - ASSET_MATERIALIZATION - Materialized value monthly_orders.
2026-01-25 01:52:33 +0000 - dagster - DEBUG - __ASSET_JOB - de35a509-207b-40ea-ba31-091cab2db7b6 - 14714 - monthly_orders - ASSET_MATERIALIZATION - Materialized value monthly_orders.
2026-01-25 01:52:33 +0000 - dagster - DEBUG - __ASSET_JOB - de35a509-207b-40ea-ba31-091cab2db7b6 - 14714 - monthly_orders - ASSET_MATERIALIZATION - Materialized value monthly_orders.
2026-01-25 01:52:34 +0000 - dagster - DEBUG - __ASSET_JOB - de35a509-207b-40ea-ba31-091cab2db7b6 - 14714 - monthly_orders - ASSET_MATERIALIZATION - Materialized value monthly_orders.
2026-01-25 01:52:34 +0000 - dagster - DEBUG - __ASSET_JOB - de35a509-207b-40ea-ba31-091cab2db7b6 - 14714 - monthly_orders - ASSET_MATERIALIZATION - Materialized value monthly_orders.
2026-01-25 01:52:34 +0000 - dagster - DEBUG - __ASSET_JOB - de35a509-207b-40ea-ba31-091cab2db7b6 - 14714 - monthly_orders - ASSET_MATERIALIZATION - Materialized value monthly_orders.
2026-01-25 01:52:34 +0000 - dagster - DEBUG - __ASSET_JOB - de35a509-207b-40ea-ba31-091cab2db7b6 - 14714 - monthly_orders - ASSET_MATERIALIZATION - Materialized value monthly_orders.
2026-01-25 01:52:34 +0000 - dagster - DEBUG - __ASSET_JOB - de35a509-207b-40ea-ba31-091cab2db7b6 - 14714 - monthly_orders - ASSET_MATERIALIZATION - Materialized value monthly_orders.
2026-01-25 01:52:34 +0000 - dagster - DEBUG - __ASSET_JOB - de35a509-207b-40ea-ba31-091cab2db7b6 - 14714 - monthly_orders - ASSET_MATERIALIZATION - Materialized value monthly_orders.
2026-01-25 01:52:34 +0000 - dagster - DEBUG - __ASSET_JOB - de35a509-207b-40ea-ba31-091cab2db7b6 - 14714 - monthly_orders - ASSET_MATERIALIZATION - Materialized value monthly_orders.
2026-01-25 01:52:34 +0000 - dagster - DEBUG - __ASSET_JOB - de35a509-207b-40ea-ba31-091cab2db7b6 - 14714 - monthly_orders - ASSET_MATERIALIZATION - Materialized value monthly_orders.
2026-01-25 01:52:34 +0000 - dagster - DEBUG - __ASSET_JOB - de35a509-207b-40ea-ba31-091cab2db7b6 - 14714 - monthly_orders - ASSET_MATERIALIZATION - Materialized value monthly_orders.
2026-01-25 01:52:34 +0000 - dagster - DEBUG - __ASSET_JOB - de35a509-207b-40ea-ba31-091cab2db7b6 - 14714 - monthly_orders - ASSET_MATERIALIZATION - Materialized value monthly_orders.
2026-01-25 01:52:34 +0000 - dagster - DEBUG - __ASSET_JOB - de35a509-207b-40ea-ba31-091cab2db7b6 - 14714 - monthly_orders - ASSET_MATERIALIZATION - Materialized value monthly_orders.
2026-01-25 01:52:34 +0000 - dagster - DEBUG - __ASSET_JOB - de35a509-207b-40ea-ba31-091cab2db7b6 - 14714 - monthly_orders - ASSET_MATERIALIZATION - Materialized value monthly_orders.
2026-01-25 01:52:34 +0000 - dagster - DEBUG - __ASSET_JOB - de35a509-207b-40ea-ba31-091cab2db7b6 - 14714 - monthly_orders - ASSET_MATERIALIZATION - Materialized value monthly_orders.
2026-01-25 01:52:34 +0000 - dagster - DEBUG - __ASSET_JOB - de35a509-207b-40ea-ba31-091cab2db7b6 - 14714 - monthly_orders - ASSET_MATERIALIZATION - Materialized value monthly_orders.
2026-01-25 01:52:34 +0000 - dagster - DEBUG - __ASSET_JOB - de35a509-207b-40ea-ba31-091cab2db7b6 - 14714 - monthly_orders - ASSET_MATERIALIZATION - Materialized value monthly_orders.
2026-01-25 01:52:34 +0000 - dagster - DEBUG - __ASSET_JOB - de35a509-207b-40ea-ba31-091cab2db7b6 - 14714 - monthly_orders - ASSET_MATERIALIZATION - Materialized value monthly_orders.
2026-01-25 01:52:34 +0000 - dagster - DEBUG - __ASSET_JOB - de35a509-207b-40ea-ba31-091cab2db7b6 - 14714 - monthly_orders - ASSET_MATERIALIZATION - Materialized value monthly_orders.
2026-01-25 01:52:35 +0000 - dagster - DEBUG - __ASSET_JOB - de35a509-207b-40ea-ba31-091cab2db7b6 - 14714 - monthly_orders - ASSET_MATERIALIZATION - Materialized value monthly_orders.
2026-01-25 01:52:35 +0000 - dagster - DEBUG - __ASSET_JOB - de35a509-207b-40ea-ba31-091cab2db7b6 - 14714 - monthly_orders - ASSET_MATERIALIZATION - Materialized value monthly_orders.
2026-01-25 01:52:35 +0000 - dagster - DEBUG - __ASSET_JOB - de35a509-207b-40ea-ba31-091cab2db7b6 - 14714 - monthly_orders - ASSET_MATERIALIZATION - Materialized value monthly_orders.
2026-01-25 01:52:35 +0000 - dagster - DEBUG - __ASSET_JOB - de35a509-207b-40ea-ba31-091cab2db7b6 - 14714 - monthly_orders - ASSET_MATERIALIZATION - Materialized value monthly_orders.
2026-01-25 01:52:35 +0000 - dagster - DEBUG - __ASSET_JOB - de35a509-207b-40ea-ba31-091cab2db7b6 - 14714 - monthly_orders - ASSET_MATERIALIZATION - Materialized value monthly_orders.
2026-01-25 01:52:35 +0000 - dagster - DEBUG - __ASSET_JOB - de35a509-207b-40ea-ba31-091cab2db7b6 - 14714 - monthly_orders - ASSET_MATERIALIZATION - Materialized value monthly_orders.
2026-01-25 01:52:35 +0000 - dagster - DEBUG - __ASSET_JOB - de35a509-207b-40ea-ba31-091cab2db7b6 - 14714 - monthly_orders - ASSET_MATERIALIZATION - Materialized value monthly_orders.
2026-01-25 01:52:35 +0000 - dagster - DEBUG - __ASSET_JOB - de35a509-207b-40ea-ba31-091cab2db7b6 - 14714 - monthly_orders - ASSET_MATERIALIZATION - Materialized value monthly_orders.
2026-01-25 01:52:35 +0000 - dagster - DEBUG - __ASSET_JOB - de35a509-207b-40ea-ba31-091cab2db7b6 - 14714 - monthly_orders - ASSET_MATERIALIZATION - Materialized value monthly_orders.
2026-01-25 01:52:35 +0000 - dagster - DEBUG - __ASSET_JOB - de35a509-207b-40ea-ba31-091cab2db7b6 - 14714 - monthly_orders - ASSET_MATERIALIZATION - Materialized value monthly_orders.
2026-01-25 01:52:35 +0000 - dagster - DEBUG - __ASSET_JOB - de35a509-207b-40ea-ba31-091cab2db7b6 - 14714 - monthly_orders - ASSET_MATERIALIZATION - Materialized value monthly_orders.
2026-01-25 01:52:35 +0000 - dagster - DEBUG - __ASSET_JOB - de35a509-207b-40ea-ba31-091cab2db7b6 - 14714 - monthly_orders - ASSET_MATERIALIZATION - Materialized value monthly_orders.
2026-01-25 01:52:35 +0000 - dagster - DEBUG - __ASSET_JOB - de35a509-207b-40ea-ba31-091cab2db7b6 - 14714 - monthly_orders - ASSET_MATERIALIZATION - Materialized value monthly_orders.
2026-01-25 01:52:35 +0000 - dagster - DEBUG - __ASSET_JOB - de35a509-207b-40ea-ba31-091cab2db7b6 - 14714 - monthly_orders - ASSET_MATERIALIZATION - Materialized value monthly_orders.
2026-01-25 01:52:35 +0000 - dagster - DEBUG - __ASSET_JOB - de35a509-207b-40ea-ba31-091cab2db7b6 - 14714 - monthly_orders - ASSET_MATERIALIZATION - Materialized value monthly_orders.
2026-01-25 01:52:35 +0000 - dagster - DEBUG - __ASSET_JOB - de35a509-207b-40ea-ba31-091cab2db7b6 - 14714 - monthly_orders - ASSET_MATERIALIZATION - Materialized value monthly_orders.
2026-01-25 01:52:35 +0000 - dagster - DEBUG - __ASSET_JOB - de35a509-207b-40ea-ba31-091cab2db7b6 - 14714 - monthly_orders - ASSET_MATERIALIZATION - Materialized value monthly_orders.
2026-01-25 01:52:36 +0000 - dagster - DEBUG - __ASSET_JOB - de35a509-207b-40ea-ba31-091cab2db7b6 - 14714 - monthly_orders - ASSET_MATERIALIZATION - Materialized value monthly_orders.
2026-01-25 01:52:36 +0000 - dagster - DEBUG - __ASSET_JOB - de35a509-207b-40ea-ba31-091cab2db7b6 - 14714 - monthly_orders - ASSET_MATERIALIZATION - Materialized value monthly_orders.
2026-01-25 01:52:36 +0000 - dagster - DEBUG - __ASSET_JOB - de35a509-207b-40ea-ba31-091cab2db7b6 - 14714 - monthly_orders - ASSET_MATERIALIZATION - Materialized value monthly_orders.
2026-01-25 01:52:36 +0000 - dagster - DEBUG - __ASSET_JOB - de35a509-207b-40ea-ba31-091cab2db7b6 - 14714 - monthly_orders - ASSET_MATERIALIZATION - Materialized value monthly_orders.
2026-01-25 01:52:36 +0000 - dagster - DEBUG - __ASSET_JOB - de35a509-207b-40ea-ba31-091cab2db7b6 - 14714 - monthly_orders - ASSET_MATERIALIZATION - Materialized value monthly_orders.
2026-01-25 01:52:36 +0000 - dagster - DEBUG - __ASSET_JOB - de35a509-207b-40ea-ba31-091cab2db7b6 - 14714 - monthly_orders - ASSET_MATERIALIZATION - Materialized value monthly_orders.
2026-01-25 01:52:36 +0000 - dagster - DEBUG - __ASSET_JOB - de35a509-207b-40ea-ba31-091cab2db7b6 - 14714 - monthly_orders - ASSET_MATERIALIZATION - Materialized value monthly_orders.
2026-01-25 01:52:36 +0000 - dagster - DEBUG - __ASSET_JOB - de35a509-207b-40ea-ba31-091cab2db7b6 - 14714 - monthly_orders - ASSET_MATERIALIZATION - Materialized value monthly_orders.
2026-01-25 01:52:36 +0000 - dagster - DEBUG - __ASSET_JOB - de35a509-207b-40ea-ba31-091cab2db7b6 - 14714 - monthly_orders - ASSET_MATERIALIZATION - Materialized value monthly_orders.
2026-01-25 01:52:36 +0000 - dagster - DEBUG - __ASSET_JOB - de35a509-207b-40ea-ba31-091cab2db7b6 - 14714 - monthly_orders - ASSET_MATERIALIZATION - Materialized value monthly_orders.
2026-01-25 01:52:36 +0000 - dagster - DEBUG - __ASSET_JOB - de35a509-207b-40ea-ba31-091cab2db7b6 - 14714 - monthly_orders - ASSET_MATERIALIZATION - Materialized value monthly_orders.
2026-01-25 01:52:36 +0000 - dagster - DEBUG - __ASSET_JOB - de35a509-207b-40ea-ba31-091cab2db7b6 - 14714 - monthly_orders - ASSET_MATERIALIZATION - Materialized value monthly_orders.
2026-01-25 01:52:36 +0000 - dagster - DEBUG - __ASSET_JOB - de35a509-207b-40ea-ba31-091cab2db7b6 - 14714 - monthly_orders - ASSET_MATERIALIZATION - Materialized value monthly_orders.
2026-01-25 01:52:36 +0000 - dagster - DEBUG - __ASSET_JOB - de35a509-207b-40ea-ba31-091cab2db7b6 - 14714 - monthly_orders - ASSET_MATERIALIZATION - Materialized value monthly_orders.
2026-01-25 01:52:36 +0000 - dagster - DEBUG - __ASSET_JOB - de35a509-207b-40ea-ba31-091cab2db7b6 - 14714 - monthly_orders - ASSET_MATERIALIZATION - Materialized value monthly_orders.
2026-01-25 01:52:36 +0000 - dagster - DEBUG - __ASSET_JOB - de35a509-207b-40ea-ba31-091cab2db7b6 - 14714 - monthly_orders - ASSET_MATERIALIZATION - Materialized value monthly_orders.
2026-01-25 01:52:36 +0000 - dagster - DEBUG - __ASSET_JOB - de35a509-207b-40ea-ba31-091cab2db7b6 - 14714 - monthly_orders - ASSET_MATERIALIZATION - Materialized value monthly_orders.
2026-01-25 01:52:37 +0000 - dagster - DEBUG - __ASSET_JOB - de35a509-207b-40ea-ba31-091cab2db7b6 - 14714 - monthly_orders - ASSET_MATERIALIZATION - Materialized value monthly_orders.
2026-01-25 01:52:37 +0000 - dagster - DEBUG - __ASSET_JOB - de35a509-207b-40ea-ba31-091cab2db7b6 - 14714 - monthly_orders - ASSET_MATERIALIZATION - Materialized value monthly_orders.
2026-01-25 01:52:37 +0000 - dagster - DEBUG - __ASSET_JOB - de35a509-207b-40ea-ba31-091cab2db7b6 - 14714 - monthly_orders - ASSET_MATERIALIZATION - Materialized value monthly_orders.
2026-01-25 01:52:37 +0000 - dagster - DEBUG - __ASSET_JOB - de35a509-207b-40ea-ba31-091cab2db7b6 - 14714 - monthly_orders - ASSET_MATERIALIZATION - Materialized value monthly_orders.
2026-01-25 01:52:37 +0000 - dagster - DEBUG - __ASSET_JOB - de35a509-207b-40ea-ba31-091cab2db7b6 - 14714 - monthly_orders - ASSET_MATERIALIZATION - Materialized value monthly_orders.
2026-01-25 01:52:37 +0000 - dagster - DEBUG - __ASSET_JOB - de35a509-207b-40ea-ba31-091cab2db7b6 - 14714 - monthly_orders - ASSET_MATERIALIZATION - Materialized value monthly_orders.
2026-01-25 01:52:37 +0000 - dagster - DEBUG - __ASSET_JOB - de35a509-207b-40ea-ba31-091cab2db7b6 - 14714 - monthly_orders - ASSET_MATERIALIZATION - Materialized value monthly_orders.
2026-01-25 01:52:37 +0000 - dagster - DEBUG - __ASSET_JOB - de35a509-207b-40ea-ba31-091cab2db7b6 - 14714 - monthly_orders - ASSET_MATERIALIZATION - Materialized value monthly_orders.
2026-01-25 01:52:37 +0000 - dagster - DEBUG - __ASSET_JOB - de35a509-207b-40ea-ba31-091cab2db7b6 - 14714 - monthly_orders - ASSET_MATERIALIZATION - Materialized value monthly_orders.
2026-01-25 01:52:37 +0000 - dagster - DEBUG - __ASSET_JOB - de35a509-207b-40ea-ba31-091cab2db7b6 - 14714 - monthly_orders - ASSET_MATERIALIZATION - Materialized value monthly_orders.
2026-01-25 01:52:37 +0000 - dagster - DEBUG - __ASSET_JOB - de35a509-207b-40ea-ba31-091cab2db7b6 - 14714 - monthly_orders - ASSET_MATERIALIZATION - Materialized value monthly_orders.
2026-01-25 01:52:37 +0000 - dagster - DEBUG - __ASSET_JOB - de35a509-207b-40ea-ba31-091cab2db7b6 - 14714 - monthly_orders - ASSET_MATERIALIZATION - Materialized value monthly_orders.
2026-01-25 01:52:37 +0000 - dagster - DEBUG - __ASSET_JOB - de35a509-207b-40ea-ba31-091cab2db7b6 - 14714 - monthly_orders - STEP_SUCCESS - Finished execution of step "monthly_orders" in 6.52s.
